Release 13.1 - xst O.40d (nt)
Copyright (c) 1995-2011 Xilinx, Inc.  All rights reserved.
--> Parameter TMPDIR set to xst/projnav.tmp


Total REAL time to Xst completion: 0.00 secs
Total CPU time to Xst completion: 0.10 secs
 
--> Parameter xsthdpdir set to xst


Total REAL time to Xst completion: 0.00 secs
Total CPU time to Xst completion: 0.10 secs
 
--> Reading design: T_F_F.prj

TABLE OF CONTENTS
  1) Synthesis Options Summary
  2) HDL Compilation
  3) Design Hierarchy Analysis
  4) HDL Analysis
  5) HDL Synthesis
     5.1) HDL Synthesis Report
  6) Advanced HDL Synthesis
     6.1) Advanced HDL Synthesis Report
  7) Low Level Synthesis
  8) Partition Report
  9) Final Report
	9.1) Device utilization summary
	9.2) Partition Resource Summary
	9.3) TIMING REPORT


=========================================================================
*                      Synthesis Options Summary                        *
=========================================================================
---- Source Parameters
Input File Name                    : "T_F_F.prj"
Input Format                       : mixed
Ignore Synthesis Constraint File   : NO

---- Target Parameters
Output File Name                   : "T_F_F"
Output Format                      : NGC
Target Device                      : xc3s50-5-pq208

---- Source Options
Top Module Name                    : T_F_F
Automatic FSM Extraction           : YES
FSM Encoding Algorithm             : Auto
Safe Implementation                : No
FSM Style                          : LUT
RAM Extraction                     : Yes
RAM Style                          : Auto
ROM Extraction                     : Yes
Mux Style                          : Auto
Decoder Extraction                 : YES
Priority Encoder Extraction        : Yes
Shift Register Extraction          : YES
Logical Shifter Extraction         : YES
XOR Collapsing                     : YES
ROM Style                          : Auto
Mux Extraction                     : Yes
Resource Sharing                   : YES
Asynchronous To Synchronous        : NO
Multiplier Style                   : Auto
Automatic Register Balancing       : No

---- Target Options
Add IO Buffers                     : YES
Global Maximum Fanout              : 500
Add Generic Clock Buffer(BUFG)     : 8
Register Duplication               : YES
Slice Packing                      : YES
Optimize Instantiated Primitives   : NO
Use Clock Enable                   : Yes
Use Synchronous Set                : Yes
Use Synchronous Reset              : Yes
Pack IO Registers into IOBs        : Auto
Equivalent register Removal        : YES

---- General Options
Optimization Goal                  : Speed
Optimization Effort                : 1
Keep Hierarchy                     : No
Netlist Hierarchy                  : As_Optimized
RTL Output                         : Yes
Global Optimization                : AllClockNets
Read Cores                         : YES
Write Timing Constraints           : NO
Cross Clock Analysis               : NO
Hierarchy Separator                : /
Bus Delimiter                      : <>
Case Specifier                     : Maintain
Slice Utilization Ratio            : 100
BRAM Utilization Ratio             : 100
Verilog 2001                       : YES
Auto BRAM Packing                  : NO
Slice Utilization Ratio Delta      : 5

=========================================================================


=========================================================================
*                          HDL Compilation                              *
=========================================================================
Compiling vhdl file "D:/Goutam_Debnath_Xilinx/t_flip_flop/T_F_F.vhd" in Library work.
Architecture behavioral of Entity t_f_f is up to date.

=========================================================================
*                     Design Hierarchy Analysis                         *
=========================================================================
Analyzing hierarchy for entity <T_F_F> in library <work> (architecture <behavioral>).


=========================================================================
*                            HDL Analysis                               *
=========================================================================
Analyzing Entity <T_F_F> in library <work> (Architecture <behavioral>).
Entity <T_F_F> analyzed. Unit <T_F_F> generated.


=========================================================================
*                           HDL Synthesis                               *
=========================================================================

Performing bidirectional port resolution...

Synthesizing Unit <T_F_F>.
    Related source file is "D:/Goutam_Debnath_Xilinx/t_flip_flop/T_F_F.vhd".
INFO:Xst:1608 - Relative priorities of control signals on register <QN> differ from those commonly found in the selected device family. This will result in additional logic around the register.
    Found 1-bit register for signal <Q>.
    Found 1-bit register for signal <QN>.
    Summary:
	inferred   2 D-type flip-flop(s).
Unit <T_F_F> synthesized.


=========================================================================
HDL Synthesis Report

Macro Statistics
# Registers                                            : 2
 1-bit register                                        : 2

=========================================================================

=========================================================================
*                       Advanced HDL Synthesis                          *
=========================================================================


=========================================================================
Advanced HDL Synthesis Report

Macro Statistics
# Registers                                            : 2
 Flip-Flops                                            : 2

=========================================================================

=========================================================================
*                         Low Level Synthesis                           *
=========================================================================

Optimizing unit <T_F_F> ...

Mapping all equations...
Building and optimizing final netlist ...
Found area constraint ratio of 100 (+ 5) on block T_F_F, actual ratio is 0.

Final Macro Processing ...

=========================================================================
Final Register Report

Macro Statistics
# Registers                                            : 2
 Flip-Flops                                            : 2

=========================================================================

=========================================================================
*                           Partition Report                            *
=========================================================================

Partition Implementation Status
-------------------------------

  No Partitions were found in this design.

-------------------------------

=========================================================================
*                            Final Report                               *
=========================================================================
Final Results
RTL Top Level Output File Name     : T_F_F.ngr
Top Level Output File Name         : T_F_F
Output Format                      : NGC
Optimization Goal                  : Speed
Keep Hierarchy                     : No

Design Statistics
# IOs                              : 6

Cell Usage :
# BELS                             : 8
#      INV                         : 3
#      LUT2                        : 4
#      LUT3                        : 1
# FlipFlops/Latches                : 2
#      FDCPE                       : 2
# Clock Buffers                    : 1
#      BUFGP                       : 1
# IO Buffers                       : 5
#      IBUF                        : 3
#      OBUF                        : 2
=========================================================================

Device utilization summary:
---------------------------

Selected Device : 3s50pq208-5 

 Number of Slices:                        4  out of    768     0%  
 Number of Slice Flip Flops:              2  out of   1536     0%  
 Number of 4 input LUTs:                  8  out of   1536     0%  
 Number of IOs:                           6
 Number of bonded IOBs:                   6  out of    124     4%  
 Number of GCLKs:                         1  out of      8    12%  

---------------------------
Partition Resource Summary:
---------------------------

  No Partitions were found in this design.

---------------------------


=========================================================================
TIMING REPORT

NOTE: THESE TIMING NUMBERS ARE ONLY A SYNTHESIS ESTIMATE.
      FOR ACCURATE TIMING INFORMATION PLEASE REFER TO THE TRACE REPORT
      GENERATED AFTER PLACE-and-ROUTE.

Clock Information:
------------------
-----------------------------------+------------------------+-------+
Clock Signal                       | Clock buffer(FF name)  | Load  |
-----------------------------------+------------------------+-------+
CLK                                | BUFGP                  | 2     |
-----------------------------------+------------------------+-------+

Asynchronous Control Signals Information:
----------------------------------------
-----------------------------------+------------------------+-------+
Control Signal                     | Buffer(FF name)        | Load  |
-----------------------------------+------------------------+-------+
QN_and0000(QN_and00001:O)          | NONE(QN)               | 1     |
QN_or0000(QN_or00001_INV_0:O)      | NONE(QN)               | 1     |
Q_and0000(Q_and00001:O)            | NONE(Q)                | 1     |
Q_or0000(Q_or00001_INV_0:O)        | NONE(Q)                | 1     |
-----------------------------------+------------------------+-------+

Timing Summary:
---------------
Speed Grade: -5

   Minimum period: 2.733ns (Maximum Frequency: 365.925MHz)
   Minimum input arrival time before clock: 3.477ns
   Maximum output required time after clock: 6.306ns
   Maximum combinational path delay: No path found

Timing Detail:
--------------
All values displayed in nanoseconds (ns)

=========================================================================
Timing constraint: Default period analysis for Clock 'CLK'
  Clock period: 2.733ns (frequency: 365.925MHz)
  Total number of paths / destination ports: 2 / 2
-------------------------------------------------------------------------
Delay:               2.733ns (Levels of Logic = 1)
  Source:            Q (FF)
  Destination:       Q (FF)
  Source Clock:      CLK rising
  Destination Clock: CLK rising

  Data Path: Q to Q
                                Gate     Net
    Cell:in->out      fanout   Delay   Delay  Logical Name (Net Name)
    ----------------------------------------  ------------
     FDCPE:C->Q            3   0.626   0.771  Q (Q_OBUF)
     INV:I->O              1   0.479   0.681  Q_not00011_INV_0 (Q_not0001)
     FDCPE:D                   0.176          Q
    ----------------------------------------
    Total                      2.733ns (1.281ns logic, 1.452ns route)
                                       (46.9% logic, 53.1% route)

=========================================================================
Timing constraint: Default OFFSET IN BEFORE for Clock 'CLK'
  Total number of paths / destination ports: 6 / 3
-------------------------------------------------------------------------
Offset:              3.477ns (Levels of Logic = 2)
  Source:            PRS (PAD)
  Destination:       Q (FF)
  Destination Clock: CLK rising

  Data Path: PRS to Q
                                Gate     Net
    Cell:in->out      fanout   Delay   Delay  Logical Name (Net Name)
    ----------------------------------------  ------------
     IBUF:I->O             5   0.715   1.078  PRS_IBUF (PRS_IBUF)
     LUT2:I0->O            1   0.479   0.681  QN_and00011 (QN_and0001)
     FDCPE:CE                  0.524          QN
    ----------------------------------------
    Total                      3.477ns (1.718ns logic, 1.759ns route)
                                       (49.4% logic, 50.6% route)

=========================================================================
Timing constraint: Default OFFSET OUT AFTER for Clock 'CLK'
  Total number of paths / destination ports: 2 / 2
-------------------------------------------------------------------------
Offset:              6.306ns (Levels of Logic = 1)
  Source:            Q (FF)
  Destination:       Q (PAD)
  Source Clock:      CLK rising

  Data Path: Q to Q
                                Gate     Net
    Cell:in->out      fanout   Delay   Delay  Logical Name (Net Name)
    ----------------------------------------  ------------
     FDCPE:C->Q            3   0.626   0.771  Q (Q_OBUF)
     OBUF:I->O                 4.909          Q_OBUF (Q)
    ----------------------------------------
    Total                      6.306ns (5.535ns logic, 0.771ns route)
                                       (87.8% logic, 12.2% route)

=========================================================================


Total REAL time to Xst completion: 3.00 secs
Total CPU time to Xst completion: 3.43 secs
 
--> 

Total memory usage is 182576 kilobytes

Number of errors   :    0 (   0 filtered)
Number of warnings :    0 (   0 filtered)
Number of infos    :    1 (   0 filtered)

