Running: d:\Xilinx\13.1\ISE_DS\ISE\bin\nt\unwrapped\fuse.exe -intstyle ise -incremental -o D:/Goutam_Debnath_Xilinx/jk_flip_flop/JKFF_TB_isim_beh.exe -prj D:/Goutam_Debnath_Xilinx/jk_flip_flop/JKFF_TB_beh.prj work.JKFF_TB 
ISim O.40d (signature 0x79f3f3a8)
Number of CPUs detected in this system: 2
Turning on mult-threading, number of parallel sub-compilation jobs: 4 
Determining compilation order of HDL files
Parsing VHDL file "D:/Goutam_Debnath_Xilinx/jk_flip_flop/JKFF.vhd" into library work
Parsing VHDL file "D:/Goutam_Debnath_Xilinx/jk_flip_flop/JKFF_TB.vhd" into library work
Starting static elaboration
Completed static elaboration
Fuse Memory Usage: 95004 KB
Fuse CPU Usage: 124 ms
Using precompiled package standard from library std
Using precompiled package std_logic_1164 from library ieee
Compiling architecture behavioral of entity jkff [jkff_default]
Compiling architecture behavior of entity jkff_tb
Time Resolution for simulation is 1ps.
Compiled 5 VHDL Units
Built simulation executable D:/Goutam_Debnath_Xilinx/jk_flip_flop/JKFF_TB_isim_beh.exe
Fuse Memory Usage: 101772 KB
Fuse CPU Usage: 140 ms
