Command line:
   H_ADDER_TB_isim_beh.exe
     -simmode  gui
     -simrunnum  0
     -socket  49694

Mon Mar 23 15:54:36 2015


 Elaboration Time: 0.0312 sec

 Current Memory Usage: 480.625 Meg

 Total Signals          : 8
 Total Nets             : 4
 Total Signal Drivers   : 4
 Total Blocks           : 3
 Total Primitive Blocks : 2
 Total Processes        : 2
 Total Traceable Variables  : 8
 Total Scalar Nets and Variables : 364
Total Line Count : 15

 Total Simulation Time: 0.0312 sec

 Current Memory Usage: 481.673 Meg

Mon Mar 23 15:55:37 2015

